build-gp-best-Android_Qt_6_2_1_Clang_arm64_v8a-Release/android-build/build/intermediates/manifest_merge_blame_file/debug/manifest-merger-blame-debug-report.txt
1<?xml version="1.0" encoding="utf-8"?>
2<manifest xmlns:android="http://schemas.android.com/apk/res/android"
3    package="org.qtproject.example"
4    android:installLocation="auto"
5    android:versionCode="1"
6    android:versionName="1.0" >
7
8    <uses-sdk
9        android:minSdkVersion="23"
9-->build-gp-best-Android_Qt_6_2_1_Clang_arm64_v8a-Release\android-build\AndroidManifest.xml
10        android:targetSdkVersion="30" />
10-->build-gp-best-Android_Qt_6_2_1_Clang_arm64_v8a-Release\android-build\AndroidManifest.xml
11
12    <uses-permission android:name="android.permission.INTERNET" />
12-->build-gp-best-Android_Qt_6_2_1_Clang_arm64_v8a-Release\android-build\AndroidManifest.xml:3:5-67
12-->build-gp-best-Android_Qt_6_2_1_Clang_arm64_v8a-Release\android-build\AndroidManifest.xml:3:22-64
13    <uses-permission android:name="android.permission.WRITE_EXTERNAL_STORAGE" />
13-->build-gp-best-Android_Qt_6_2_1_Clang_arm64_v8a-Release\android-build\AndroidManifest.xml:4:5-81
13-->build-gp-best-Android_Qt_6_2_1_Clang_arm64_v8a-Release\android-build\AndroidManifest.xml:4:22-78
14    <uses-permission android:name="android.permission.ACCESS_NETWORK_STATE" />
14-->build-gp-best-Android_Qt_6_2_1_Clang_arm64_v8a-Release\android-build\AndroidManifest.xml:5:5-79
14-->build-gp-best-Android_Qt_6_2_1_Clang_arm64_v8a-Release\android-build\AndroidManifest.xml:5:22-76
15
16    <supports-screens
16-->build-gp-best-Android_Qt_6_2_1_Clang_arm64_v8a-Release\android-build\AndroidManifest.xml:7:5-135
17        android:anyDensity="true"
17-->build-gp-best-Android_Qt_6_2_1_Clang_arm64_v8a-Release\android-build\AndroidManifest.xml:7:23-48
18        android:largeScreens="true"
18-->build-gp-best-Android_Qt_6_2_1_Clang_arm64_v8a-Release\android-build\AndroidManifest.xml:7:49-76
19        android:normalScreens="true"
19-->build-gp-best-Android_Qt_6_2_1_Clang_arm64_v8a-Release\android-build\AndroidManifest.xml:7:77-105
20        android:smallScreens="true" />
20-->build-gp-best-Android_Qt_6_2_1_Clang_arm64_v8a-Release\android-build\AndroidManifest.xml:7:106-133
21
22    <application
22-->build-gp-best-Android_Qt_6_2_1_Clang_arm64_v8a-Release\android-build\AndroidManifest.xml:8:5-18:19
23        android:name="org.qtproject.qt.android.bindings.QtApplication"
23-->build-gp-best-Android_Qt_6_2_1_Clang_arm64_v8a-Release\android-build\AndroidManifest.xml:8:18-80
24        android:allowNativeHeapPointerTagging="false"
24-->build-gp-best-Android_Qt_6_2_1_Clang_arm64_v8a-Release\android-build\AndroidManifest.xml:8:217-262
25        android:debuggable="true"
26        android:extractNativeLibs="true"
26-->build-gp-best-Android_Qt_6_2_1_Clang_arm64_v8a-Release\android-build\AndroidManifest.xml:8:81-113
27        android:hardwareAccelerated="true"
27-->build-gp-best-Android_Qt_6_2_1_Clang_arm64_v8a-Release\android-build\AndroidManifest.xml:8:114-148
28        android:label="gp-best"
28-->build-gp-best-Android_Qt_6_2_1_Clang_arm64_v8a-Release\android-build\AndroidManifest.xml:8:149-172
29        android:requestLegacyExternalStorage="true" >
29-->build-gp-best-Android_Qt_6_2_1_Clang_arm64_v8a-Release\android-build\AndroidManifest.xml:8:173-216
30        <activity
30-->build-gp-best-Android_Qt_6_2_1_Clang_arm64_v8a-Release\android-build\AndroidManifest.xml:9:9-17:20
31            android:name="org.qtproject.qt.android.bindings.QtActivity"
31-->build-gp-best-Android_Qt_6_2_1_Clang_arm64_v8a-Release\android-build\AndroidManifest.xml:9:19-78
32            android:configChanges="orientation|uiMode|screenLayout|screenSize|smallestScreenSize|layoutDirection|locale|fontScale|keyboard|keyboardHidden|navigation|mcc|mnc|density"
32-->build-gp-best-Android_Qt_6_2_1_Clang_arm64_v8a-Release\android-build\AndroidManifest.xml:9:79-248
33            android:label="gp-best"
33-->build-gp-best-Android_Qt_6_2_1_Clang_arm64_v8a-Release\android-build\AndroidManifest.xml:9:249-272
34            android:launchMode="singleTop"
34-->build-gp-best-Android_Qt_6_2_1_Clang_arm64_v8a-Release\android-build\AndroidManifest.xml:9:273-303
35            android:screenOrientation="portrait" >
35-->build-gp-best-Android_Qt_6_2_1_Clang_arm64_v8a-Release\android-build\AndroidManifest.xml:9:304-340
36            <intent-filter>
36-->build-gp-best-Android_Qt_6_2_1_Clang_arm64_v8a-Release\android-build\AndroidManifest.xml:10:13-13:29
37                <action android:name="android.intent.action.MAIN" />
37-->build-gp-best-Android_Qt_6_2_1_Clang_arm64_v8a-Release\android-build\AndroidManifest.xml:11:17-68
37-->build-gp-best-Android_Qt_6_2_1_Clang_arm64_v8a-Release\android-build\AndroidManifest.xml:11:25-66
38
39                <category android:name="android.intent.category.LAUNCHER" />
39-->build-gp-best-Android_Qt_6_2_1_Clang_arm64_v8a-Release\android-build\AndroidManifest.xml:12:17-76
39-->build-gp-best-Android_Qt_6_2_1_Clang_arm64_v8a-Release\android-build\AndroidManifest.xml:12:27-74
40            </intent-filter>
41
42            <meta-data
42-->build-gp-best-Android_Qt_6_2_1_Clang_arm64_v8a-Release\android-build\AndroidManifest.xml:14:13-85
43                android:name="android.app.lib_name"
43-->build-gp-best-Android_Qt_6_2_1_Clang_arm64_v8a-Release\android-build\AndroidManifest.xml:14:24-59
44                android:value="gp-best" />
44-->build-gp-best-Android_Qt_6_2_1_Clang_arm64_v8a-Release\android-build\AndroidManifest.xml:14:60-83
45            <meta-data
45-->build-gp-best-Android_Qt_6_2_1_Clang_arm64_v8a-Release\android-build\AndroidManifest.xml:15:13-79
46                android:name="android.app.arguments"
46-->build-gp-best-Android_Qt_6_2_1_Clang_arm64_v8a-Release\android-build\AndroidManifest.xml:15:24-60
47                android:value="" />
47-->build-gp-best-Android_Qt_6_2_1_Clang_arm64_v8a-Release\android-build\AndroidManifest.xml:15:61-77
48            <meta-data
48-->build-gp-best-Android_Qt_6_2_1_Clang_arm64_v8a-Release\android-build\AndroidManifest.xml:16:13-98
49                android:name="android.app.extract_android_style"
49-->build-gp-best-Android_Qt_6_2_1_Clang_arm64_v8a-Release\android-build\AndroidManifest.xml:16:24-72
50                android:value="minimal" />
50-->build-gp-best-Android_Qt_6_2_1_Clang_arm64_v8a-Release\android-build\AndroidManifest.xml:16:73-96
51        </activity>
52    </application>
53
54</manifest>